Removed Pin From Net: NetName=NetC17_1 Pin=U2-1
Removed Pin From Net: NetName=NetR24_1 Pin=U2-2
Removed Pin From Net: NetName=NetC19_1 Pin=U2-3
Removed Pin From Net: NetName=NetR23_1 Pin=U2-4
Removed Pin From Net: NetName=VSSA Pin=U2-5
Removed Pin From Net: NetName=NetR29_2 Pin=U2-6
Removed Pin From Net: NetName=NetC18_1 Pin=U2-7
Removed Pin From Net: NetName=NetC17_2 Pin=U2-8
Removed Pin From Net: NetName=VSSA Pin=U2-9
Removed Member From Class: ClassName=Power Member=C1
Removed Member From Class: ClassName=Power Member=R4
Removed Member From Class: ClassName=Power Member=U2
Added Component: Designator=C20(tu hoa 10mm)
Add component (AddParameter): Name = "Chung_Loai"; Value = "C?m"; VariantName = "[No Variations]"
Add component (AddParameter): Name = "Don_Vi"; Value = "Con"; VariantName = "[No Variations]"
Add component (AddParameter): Name = "Kieu_Chan"; Value = ""; VariantName = "[No Variations]"
Add component (AddParameter): Name = "Ma_Hang"; Value = "MH002204"; VariantName = "[No Variations]"
Add component (AddParameter): Name = "So_Chan"; Value = "2"; VariantName = "[No Variations]"
Add component (AddParameter): Name = "Ten_Linh_Kien"; Value = "T? Hóa 470uF 35V 10x15MM"; VariantName = "[No Variations]"
Added Component: Designator=U1(SOIC127P600X170-9N)
Add component (AddParameter): Name = "Availability"; Value = "In Stock"; VariantName = "[No Variations]"
Add component (AddParameter): Name = "Check_prices"; Value = "https://www.snapeda.com/parts/MP1584EN/Monolithic+Power+Systems+Inc./view-part/?ref=eda"; VariantName = "[No Variations]"
Add component (AddParameter): Name = "MF"; Value = "Monolithic Power"; VariantName = "[No Variations]"
Add component (AddParameter): Name = "MP"; Value = "MP1584EN"; VariantName = "[No Variations]"
Add component (AddParameter): Name = "Package"; Value = "SOIC-8 Monolithic Power"; VariantName = "[No Variations]"
Add component (AddParameter): Name = "Price"; Value = "None"; VariantName = "[No Variations]"
Add component (AddParameter): Name = "Purchase-URL"; Value = "https://pricing.snapeda.com/search/part/MP1584EN/?ref=eda"; VariantName = "[No Variations]"
Add component (AddParameter): Name = "SnapEDA_Link"; Value = "https://www.snapeda.com/parts/MP1584EN/Monolithic+Power+Systems+Inc./view-part/?ref=snap"; VariantName = "[No Variations]"
Add component (AddParameter): Name = "Value"; Value = ""; VariantName = "[No Variations]"
Added Pin To Net: NetName=NetC18_1 Pin=C20-1
Added Pin To Net: NetName=VSSA Pin=C20-2
Added Pin To Net: NetName=NetC17_1 Pin=U1-1
Added Pin To Net: NetName=NetR24_1 Pin=U1-2
Added Pin To Net: NetName=NetC19_1 Pin=U1-3
Added Pin To Net: NetName=NetR23_1 Pin=U1-4
Added Pin To Net: NetName=VSSA Pin=U1-5
Added Pin To Net: NetName=NetR29_2 Pin=U1-6
Added Pin To Net: NetName=NetC18_1 Pin=U1-7
Added Pin To Net: NetName=NetC17_2 Pin=U1-8
Added Pin To Net: NetName=VSSA Pin=U1-9
Added Member To Class: ClassName=Power Member=Component C20 470uF
Added Member To Class: ClassName=Power Member=Component C21 220nF
Added Member To Class: ClassName=Power Member=Component L3 LED 0805
Added Member To Class: ClassName=Sheet1 Member=Component R6 10K
Added Member To Class: ClassName=Power Member=Component R23 31k
Added Member To Class: ClassName=Power Member=Component U1 MP1584EN
