Added Pin To Net: NetName=NetC?_1 Pin=U?-1
Added Pin To Net: NetName=NetR?_1 Pin=U?-2
Added Pin To Net: NetName=VSSA Pin=U?-5
Added Pin To Net: NetName=NetR?_2 Pin=U?-6
Added Pin To Net: NetName=NetC?_2 Pin=U?-8
Added Pin To Net: NetName=VSSA Pin=U?-9
Added Member To Class: ClassName=Power Member=Component C? 220pF
Added Member To Class: ClassName=Power Member=Component C? 104
Added Member To Class: ClassName=Power Member=Component C? 474
Added Member To Class: ClassName=Power Member=Component C? 220nF
Added Member To Class: ClassName=Sheet1 Member=Component C? 0.1uF
Added Member To Class: ClassName=Sheet1 Member=Component C? 104
Added Member To Class: ClassName=Sheet1 Member=Component C? 0.1uF
Added Member To Class: ClassName=Sheet1 Member=Component C? 104
Added Member To Class: ClassName=Sheet1 Member=Component C? 0.1uF
Added Member To Class: ClassName=Sheet1 Member=Component C? 104
Added Member To Class: ClassName=Sheet1 Member=Component H? Header 4P 2.54 Duc Thang
Added Member To Class: ClassName=Power Member=Component L? 100uH
Added Member To Class: ClassName=Power Member=Component R? 25k
Added Member To Class: ClassName=Power Member=Component R? 100k
Added Member To Class: ClassName=Power Member=Component R? 10k
Added Member To Class: ClassName=Power Member=Component R? 31k
Added Member To Class: ClassName=Power Member=Component R? 100k
Added Member To Class: ClassName=Power Member=Component R? 100k
Added Member To Class: ClassName=Sheet1 Member=Component R? 10K
Added Member To Class: ClassName=Sheet1 Member=Component R? 10K
Added Member To Class: ClassName=Sheet1 Member=Component R? 100R
Added Member To Class: ClassName=Sheet1 Member=Component R? 10K
Added Member To Class: ClassName=Sheet1 Member=Component R? 4.7K
Added Member To Class: ClassName=Power Member=Component U? MP1584EN
