Removed Member From Class: ClassName=Sheet1 Member=U?
Added Component: Designator=SW?(482024764004)
Add component (AddParameter): Name = "Category"; Value = "Encoder Switches"; VariantName = "[No Variations]"
Add component (AddParameter): Name = "ComponentLink1Description"; Value = "Website Link"; VariantName = "[No Variations]"
Add component (AddParameter): Name = "ComponentLink1URL"; Value = "https://www.we-online.com/redexpert/article/482024764004?ad"; VariantName = "[No Variations]"
Add component (AddParameter): Name = "ComponentLink2Description"; Value = "Datasheet Link"; VariantName = "[No Variations]"
Add component (AddParameter): Name = "ComponentLink2URL"; Value = "https://www.we-online.com/redexpert/spec/482024764004?ad"; VariantName = "[No Variations]"
Add component (AddParameter): Name = "Detent"; Value = "24positions"; VariantName = "[No Variations]"
Add component (AddParameter): Name = "Electrical Life Encoder"; Value = "30000Cycles"; VariantName = "[No Variations]"
Add component (AddParameter): Name = "Electrical Life Switch"; Value = "20000Cycles"; VariantName = "[No Variations]"
Add component (AddParameter): Name = "Height"; Value = "20mm"; VariantName = "[No Variations]"
Add component (AddParameter): Name = "Insulation Resistance"; Value = "100MO"; VariantName = "[No Variations]"
Add component (AddParameter): Name = "Length"; Value = "13.2mm"; VariantName = "[No Variations]"
Add component (AddParameter): Name = "Manufacturer"; Value = "Wurth Elektronik"; VariantName = "[No Variations]"
Add component (AddParameter): Name = "Manufacturer Part Number"; Value = "482024764004"; VariantName = "[No Variations]"
Add component (AddParameter): Name = "Match Code"; Value = "WS-ENTV"; VariantName = "[No Variations]"
Add component (AddParameter): Name = "Mount"; Value = "Through Hole"; VariantName = "[No Variations]"
Add component (AddParameter): Name = "Operating Temperature Max"; Value = "85°C"; VariantName = "[No Variations]"
Add component (AddParameter): Name = "Operating Temperature Min"; Value = "-40°C"; VariantName = "[No Variations]"
Add component (AddParameter): Name = "Operation Force"; Value = "300g"; VariantName = "[No Variations]"
Add component (AddParameter): Name = "Packaging"; Value = "Tray"; VariantName = "[No Variations]"
Add component (AddParameter): Name = "Rated Current"; Value = "10mA"; VariantName = "[No Variations]"
Add component (AddParameter): Name = "Resolution"; Value = "24Pulse/360°"; VariantName = "[No Variations]"
Add component (AddParameter): Name = "Width"; Value = "12.4mm"; VariantName = "[No Variations]"
Added Pin To Net: NetName=NetC?_1 Pin=U?-1
Added Pin To Net: NetName=NetR?_1 Pin=U?-2
Added Pin To Net: NetName=VSSA Pin=U?-5
Added Pin To Net: NetName=NetR?_2 Pin=U?-6
Added Pin To Net: NetName=NetC?_2 Pin=U?-8
Added Pin To Net: NetName=VSSA Pin=U?-9
Added Member To Class: ClassName=Power Member=Component C? 474
Added Member To Class: ClassName=Power Member=Component C? 220nF
Added Member To Class: ClassName=Power Member=Component C? 104
Added Member To Class: ClassName=Power Member=Component C? 220pF
Added Member To Class: ClassName=Sheet1 Member=Component C? 0.1uF
Added Member To Class: ClassName=Sheet1 Member=Component C? 0.1uF
Added Member To Class: ClassName=Sheet1 Member=Component C? 104
Added Member To Class: ClassName=Sheet1 Member=Component C? 104
Added Member To Class: ClassName=Sheet1 Member=Component C? 104
Added Member To Class: ClassName=Sheet1 Member=Component C? 0.1uF
Added Member To Class: ClassName=Sheet1 Member=Component H? Header 4P 2.54 Duc Thang
Added Member To Class: ClassName=Power Member=Component L? 100uH
Added Member To Class: ClassName=Power Member=Component R? 100k
Added Member To Class: ClassName=Power Member=Component R? 25k
Added Member To Class: ClassName=Power Member=Component R? 10k
Added Member To Class: ClassName=Power Member=Component R? 100k
Added Member To Class: ClassName=Power Member=Component R? 100k
Added Member To Class: ClassName=Power Member=Component R? 31k
Added Member To Class: ClassName=Sheet1 Member=Component R? 10K
Added Member To Class: ClassName=Sheet1 Member=Component R? 100R
Added Member To Class: ClassName=Sheet1 Member=Component R? 4.7K
Added Member To Class: ClassName=Sheet1 Member=Component R? 10K
Added Member To Class: ClassName=Sheet1 Member=Component R? 10K
Added Member To Class: ClassName=Sheet1 Member=Component SW? 482024764004
Added Member To Class: ClassName=Power Member=Component U? MP1584EN
